[1.000000e-04, 9.927243e-01],
[2.000000e-04, 9.854970e-01],
[3.000000e-04, 9.783178e-01],
[4.000000e-04, 9.711866e-01],
[5.000000e-04, 9.641029e-01],
[6.000000e-04, 9.570666e-01],
[7.000000e-04, 9.500773e-01],
[8.000000e-04, 9.431348e-01],
[9.000000e-04, 9.362389e-01],
[1.000000e-03, 9.293893e-01],
[1.100000e-03, 9.225857e-01],
[1.200000e-03, 9.158279e-01],
[1.300000e-03, 9.091155e-01],
[1.400000e-03, 9.024484e-01],
[1.500000e-03, 8.958263e-01],
[1.600000e-03, 8.892489e-01],
[1.700000e-03, 8.827160e-01],
[1.800000e-03, 8.762272e-01],
[1.900000e-03, 8.697824e-01],
[2.000000e-03, 8.633814e-01],
[2.100000e-03, 8.570237e-01],
[2.200000e-03, 8.507093e-01],
[2.300000e-03, 8.444378e-01],
[2.400000e-03, 8.382090e-01],
[2.500000e-03, 8.320227e-01],
[2.600000e-03, 8.258785e-01],
[2.700000e-03, 8.197763e-01],
[2.800000e-03, 8.137158e-01],
[2.900000e-03, 8.076967e-01],
[3.000000e-03, 8.017189e-01],
[3.100000e-03, 7.957820e-01],
[3.200000e-03, 7.898859e-01],
[3.300000e-03, 7.840302e-01],
[3.400000e-03, 7.782148e-01],
[3.500000e-03, 7.724393e-01],
[3.600000e-03, 7.667037e-01],
[3.700000e-03, 7.610075e-01],
[3.800000e-03, 7.553507e-01],
[3.900000e-03, 7.497329e-01],
[4.000000e-03, 7.441539e-01],
[4.100000e-03, 7.386135e-01],
[4.200000e-03, 7.331114e-01],
[4.300000e-03, 7.276475e-01],
[4.400000e-03, 7.222214e-01],
[4.500000e-03, 7.168330e-01],
[4.600000e-03, 7.114821e-01],
[4.700000e-03, 7.061683e-01],
[4.800000e-03, 7.008915e-01],
[4.900000e-03, 6.956514e-01],
[5.000000e-03, 6.904479e-01],
[5.100000e-03, 6.852807e-01],
[5.200000e-03, 6.801495e-01],
[5.300000e-03, 6.750542e-01],
[5.400000e-03, 6.699945e-01],
[5.500000e-03, 6.649702e-01],
[5.600000e-03, 6.599812e-01],
[5.700000e-03, 6.550271e-01],
[5.800000e-03, 6.501077e-01],
[5.900000e-03, 6.452229e-01],
[6.000000e-03, 6.403724e-01],
[6.100000e-03, 6.355561e-01],
[6.200000e-03, 6.307736e-01],
[6.300000e-03, 6.260248e-01],
[6.400000e-03, 6.213095e-01],
[6.500000e-03, 6.166275e-01],
[6.600000e-03, 6.119785e-01],
[6.700000e-03, 6.073623e-01],
[6.800000e-03, 6.027788e-01],
[6.900000e-03, 5.982278e-01],
[7.000000e-03, 5.937089e-01],
[7.100000e-03, 5.892221e-01],
[7.200000e-03, 5.847671e-01],
[7.300000e-03, 5.803438e-01],
[7.400000e-03, 5.759518e-01],
[7.500000e-03, 5.715911e-01],
[7.600000e-03, 5.672614e-01],
[7.700000e-03, 5.629626e-01],
[7.800000e-03, 5.586943e-01],
[7.900000e-03, 5.544565e-01],
[8.000000e-03, 5.502489e-01],
[8.100000e-03, 5.460714e-01],
[8.200000e-03, 5.419237e-01],
[8.300000e-03, 5.378056e-01],
[8.400000e-03, 5.337171e-01],
[8.500000e-03, 5.296578e-01],
[8.600000e-03, 5.256276e-01],
[8.700000e-03, 5.216262e-01],
[8.800000e-03, 5.176536e-01],
[8.900000e-03, 5.137096e-01],
[9.000000e-03, 5.097938e-01],
[9.100000e-03, 5.059062e-01],
[9.200000e-03, 5.020466e-01],
[9.300000e-03, 4.982148e-01],
[9.400000e-03, 4.944106e-01],
[9.500000e-03, 4.906338e-01],
[9.600000e-03, 4.868842e-01],
[9.700000e-03, 4.831617e-01],
[9.800000e-03, 4.794662e-01],
[9.900000e-03, 4.757973e-01],
