[00000000000011]
0
[00011110000011]
0
[00011110001100]
0
[00000000001100]
0
[00101100000011]
1
[00110010000011]
1
[00110010001100]
1
[00101100001100]
1
[00101100010101]
1
[00110010010101]
1
[00110010011010]
1
[00101100011010]
1
[00000000010101]
1
[00011110010101]
1
[00011110011010]
1
[00000000011010]
1
[01001010000011]
1
[01010100000011]
1
[01010100001100]
1
[01001010001100]
1
[01100110000011]
2
[01111000000011]
2
[01111000001100]
2
[01100110001100]
2
[01100110010101]
2
[01111000010101]
2
[01111000011010]
2
[01100110011010]
2
[01001010010101]
2
[01010100010101]
2
[01010100011010]
2
[01001010011010]
2
[01001010100110]
1
[01010100100110]
1
[01010100101001]
1
[01001010101001]
1
[01100110100110]
2
[01111000100110]
2
[01111000101001]
2
[01100110101001]
2
[01100110110000]
2
[01111000110000]
2
[01111000111111]
2
[01100110111111]
2
[01001010110000]
2
[01010100110000]
2
[01010100111111]
2
[01001010111111]
2
[00000000100110]
1
[00011110100110]
1
[00011110101001]
1
[00000000101001]
1
[00101100100110]
2
[00110010100110]
2
[00110010101001]
2
[00101100101001]
2
[00101100110000]
2
[00110010110000]
2
[00110010111111]
2
[00101100111111]
2
[00000000110000]
2
[00011110110000]
2
[00011110111111]
2
[00000000111111]
2
[10000110000011]
1
[10011000000011]
1
[10011000001100]
1
[10000110001100]
1
[10101010000011]
2
[10110100000011]
2
[10110100001100]
2
[10101010001100]
2
[10101010010101]
2
[10110100010101]
2
[10110100011010]
2
[10101010011010]
2
[10000110010101]
2
[10011000010101]
2
[10011000011010]
2
[10000110011010]
2
[11001100000011]
2
[11010010000011]
2
[11010010001100]
2
[11001100001100]
2
[11100000000011]
3
[11111110000011]
3
[11111110001100]
3
[11100000001100]
3
[11100000010101]
3
[11111110010101]
3
[11111110011010]
3
[11100000011010]
3
[11001100010101]
3
[11010010010101]
3
[11010010011010]
3
[11001100011010]
3
[11001100100110]
2
[11010010100110]
2
[11010010101001]
2
[11001100101001]
2
[11100000100110]
3
[11111110100110]
3
[11111110101001]
3
[11100000101001]
3
[11100000110000]
3
[11111110110000]
3
[11111110111111]
3
[11100000111111]
3
[11001100110000]
3
[11010010110000]
3
[11010010111111]
3
[11001100111111]
3
[10000110100110]
2
[10011000100110]
2
[10011000101001]
2
[10000110101001]
2
[10101010100110]
3
[10110100100110]
3
[10110100101001]
3
[10101010101001]
3
[10101010110000]
3
[10110100110000]
3
[10110100111111]
3
[10101010111111]
3
[10000110110000]
3
[10011000110000]
3
[10011000111111]
3
[10000110111111]
3
[10000111000000]
1
[10011001000000]
1
[10011001001111]
1
[10000111001111]
1
[10101011000000]
2
[10110101000000]
2
[10110101001111]
2
[10101011001111]
2
[10101011010110]
2
[10110101010110]
2
[10110101011001]
2
[10101011011001]
2
[10000111010110]
2
[10011001010110]
2
[10011001011001]
2
[10000111011001]
2
[11001101000000]
2
[11010011000000]
2
[11010011001111]
2
[11001101001111]
2
[11100001000000]
3
[11111111000000]
3
[11111111001111]
3
[11100001001111]
3
[11100001010110]
3
[11111111010110]
3
[11111111011001]
3
[11100001011001]
3
[11001101010110]
3
[11010011010110]
3
[11010011011001]
3
[11001101011001]
3
[11001101100101]
2
[11010011100101]
2
[11010011101010]
2
[11001101101010]
2
[11100001100101]
3
[11111111100101]
3
[11111111101010]
3
[11100001101010]
3
[11100001110011]
3
[11111111110011]
3
[11111111111100]
3
[11100001111100]
3
[11001101110011]
3
[11010011110011]
3
[11010011111100]
3
[11001101111100]
3
[10000111100101]
2
[10011001100101]
2
[10011001101010]
2
[10000111101010]
2
[10101011100101]
3
[10110101100101]
3
[10110101101010]
3
[10101011101010]
3
[10101011110011]
3
[10110101110011]
3
[10110101111100]
3
[10101011111100]
3
[10000111110011]
3
[10011001110011]
3
[10011001111100]
3
[10000111111100]
3
[00000001000000]
1
[00011111000000]
1
[00011111001111]
1
[00000001001111]
1
[00101101000000]
2
[00110011000000]
2
[00110011001111]
2
[00101101001111]
2
[00101101010110]
2
[00110011010110]
2
[00110011011001]
2
[00101101011001]
2
[00000001010110]
2
[00011111010110]
2
[00011111011001]
2
[00000001011001]
2
[01001011000000]
2
[01010101000000]
2
[01010101001111]
2
[01001011001111]
2
[01100111000000]
3
[01111001000000]
3
[01111001001111]
3
[01100111001111]
3
[01100111010110]
3
[01111001010110]
3
[01111001011001]
3
[01100111011001]
3
[01001011010110]
3
[01010101010110]
3
[01010101011001]
3
[01001011011001]
3
[01001011100101]
2
[01010101100101]
2
[01010101101010]
2
[01001011101010]
2
[01100111100101]
3
[01111001100101]
3
[01111001101010]
3
[01100111101010]
3
[01100111110011]
3
[01111001110011]
3
[01111001111100]
3
[01100111111100]
3
[01001011110011]
3
[01010101110011]
3
[01010101111100]
3
[01001011111100]
3
[00000001100101]
2
[00011111100101]
2
[00011111101010]
2
[00000001101010]
2
[00101101100101]
3
[00110011100101]
3
[00110011101010]
3
[00101101101010]
3
[00101101110011]
3
[00110011110011]
3
[00110011111100]
3
[00101101111100]
3
[00000001110011]
3
[00011111110011]
3
[00011111111100]
3
[00000001111100]
3
[1 1 1 1 0 0 0|0 1 1 1 1 0 0]
[0 0 0 0 1 1 0|0 0 0 0 1 1 1]
[0 0 0 0 1 0 1|1 0 0 0 0 1 1]
[1 1 0 0 0 0 0|0 0 0 0 0 0 1]
[0 0 0 0 0 0 0|0 0 0 0 0 0 0]
[0 0 0 0 0 0 0|0 0 0 0 0 0 0]
[1 1 1 1 0 0 0|0 0 0 1 1 0 0]
[0 0 0 1 1 1 0|0 0 0 1 0 1 1]
[0 0 0 0 1 1 1|1 0 0 0 0 0 0]
[1 1 0 0 0 0 0|0 0 0 0 0 1 0]
[0 0 0 0 0 0 0|0 0 0 0 0 0 0]
[0 0 0 0 0 0 0|0 0 0 0 0 0 0]
